2026-07-08 12:35:22,716 INFO o.a.j.u.JMeterUtils: Setting Locale to en_EN
2026-07-08 12:35:22,748 INFO o.a.j.JMeter: Loading user properties from: user.properties
2026-07-08 12:35:22,748 INFO o.a.j.JMeter: Loading system properties from: system.properties
2026-07-08 12:35:22,780 INFO o.a.j.JMeter: Copyright (c) 1998-2024 The Apache Software Foundation
2026-07-08 12:35:22,780 INFO o.a.j.JMeter: Version 5.6.3
2026-07-08 12:35:22,780 INFO o.a.j.JMeter: java.version=1.8.0_491
2026-07-08 12:35:22,780 INFO o.a.j.JMeter: java.vm.name=Java HotSpot(TM) 64-Bit Server VM
2026-07-08 12:35:22,780 INFO o.a.j.JMeter: os.name=Windows 11
2026-07-08 12:35:22,780 INFO o.a.j.JMeter: os.arch=amd64
2026-07-08 12:35:22,796 INFO o.a.j.JMeter: os.version=10.0
2026-07-08 12:35:22,796 INFO o.a.j.JMeter: file.encoding=Cp1252
2026-07-08 12:35:22,796 INFO o.a.j.JMeter: java.awt.headless=null
2026-07-08 12:35:22,796 INFO o.a.j.JMeter: Max memory     =1073741824
2026-07-08 12:35:22,796 INFO o.a.j.JMeter: Available Processors =14
2026-07-08 12:35:22,796 INFO o.a.j.JMeter: Default Locale=English (EN)
2026-07-08 12:35:22,796 INFO o.a.j.JMeter: JMeter  Locale=English (EN)
2026-07-08 12:35:22,796 INFO o.a.j.JMeter: JMeterHome=C:\Users\UdayKiran\Downloads\apache-jmeter-5.6.3\apache-jmeter-5.6.3
2026-07-08 12:35:22,796 INFO o.a.j.JMeter: user.dir  =C:\Users\UdayKiran\Downloads\apache-jmeter-5.6.3\apache-jmeter-5.6.3\bin
2026-07-08 12:35:22,796 INFO o.a.j.JMeter: PWD       =C:\Users\UdayKiran\Downloads\apache-jmeter-5.6.3\apache-jmeter-5.6.3\bin
2026-07-08 12:35:22,828 INFO o.a.j.JMeter: IP: 172.23.140.107 Name: IBM-16RQR24 FullName: 172.23.140.107
2026-07-08 12:35:22,860 INFO o.a.j.JMeter: Loaded icon properties from org/apache/jmeter/images/icon.properties
2026-07-08 12:35:23,261 INFO o.a.j.JMeterGuiLauncher: Setting LAF to: com.github.weisj.darklaf.DarkLaf:com.github.weisj.darklaf.theme.IntelliJTheme
2026-07-08 12:35:25,294 INFO o.a.j.r.ClassFinder: Will scan jar C:\Users\UdayKiran\Downloads\apache-jmeter-5.6.3\apache-jmeter-5.6.3\lib\ext\jmeter-plugins-webdriver-4.13.0.2.jar with filter ExtendsClassFilter [parents=[interface org.apache.jmeter.gui.action.Command], inner=false, contains=null, notContains=null]. Consider exposing JMeter plugins via META-INF/services, and add JMeter-Skip-Class-Scanning=true manifest attribute so JMeter can skip classfile scanning
2026-07-08 12:35:25,341 INFO o.a.j.r.ClassFinder: Will scan jar C:\Users\UdayKiran\Downloads\apache-jmeter-5.6.3\apache-jmeter-5.6.3\lib\ext\jmeter-plugins-manager-1.12.jar with filter ExtendsClassFilter [parents=[interface org.apache.jmeter.gui.action.Command], inner=false, contains=null, notContains=null]. Consider exposing JMeter plugins via META-INF/services, and add JMeter-Skip-Class-Scanning=true manifest attribute so JMeter can skip classfile scanning
2026-07-08 12:35:25,726 INFO o.a.j.r.ClassFinder: Will scan jar C:\Users\UdayKiran\Downloads\apache-jmeter-5.6.3\apache-jmeter-5.6.3\lib\ext\jmeter-plugins-webdriver-4.13.0.2.jar with filter ExtendsClassFilter [parents=[interface org.apache.jmeter.gui.plugin.MenuCreator], inner=false, contains=null, notContains=null]. Consider exposing JMeter plugins via META-INF/services, and add JMeter-Skip-Class-Scanning=true manifest attribute so JMeter can skip classfile scanning
2026-07-08 12:35:25,726 INFO o.a.j.r.ClassFinder: Will scan jar C:\Users\UdayKiran\Downloads\apache-jmeter-5.6.3\apache-jmeter-5.6.3\lib\ext\jmeter-plugins-manager-1.12.jar with filter ExtendsClassFilter [parents=[interface org.apache.jmeter.gui.plugin.MenuCreator], inner=false, contains=null, notContains=null]. Consider exposing JMeter plugins via META-INF/services, and add JMeter-Skip-Class-Scanning=true manifest attribute so JMeter can skip classfile scanning
2026-07-08 12:35:26,542 INFO o.j.r.JARSourceHTTP: Found cached repo
2026-07-08 12:35:27,118 INFO o.j.r.PluginManager: Plugins Status: [jpgc-plugins-manager=1.12, jpgc-webdriver=4.13.0.2, jmeter-core=5.6.3, jmeter-ftp=5.6.3, jmeter-http=5.6.3, jmeter-jdbc=5.6.3, jmeter-jms=5.6.3, jmeter-junit=5.6.3, jmeter-java=5.6.3, jmeter-ldap=5.6.3, jmeter-mail=5.6.3, jmeter-mongodb=5.6.3, jmeter-native=5.6.3, jmeter-tcp=5.6.3, jmeter-components=5.6.3]
2026-07-08 12:35:36,097 INFO o.a.j.s.FileServer: Default base='C:\Users\UdayKiran\Downloads\apache-jmeter-5.6.3\apache-jmeter-5.6.3\bin'
2026-07-08 12:35:36,110 INFO o.a.j.g.a.Load: Loading file: C:\Users\UdayKiran\Downloads\apache-jmeter-5.6.3\apache-jmeter-5.6.3\bin\TS-BLAZE-DEMO.jmx
2026-07-08 12:35:36,110 INFO o.a.j.s.FileServer: Set new base='C:\Users\UdayKiran\Downloads\apache-jmeter-5.6.3\apache-jmeter-5.6.3\bin'
2026-07-08 12:35:36,364 INFO o.a.j.s.SaveService: Testplan (JMX) version: 2.2. Testlog (JTL) version: 2.2
2026-07-08 12:35:36,406 INFO o.a.j.s.SaveService: Using SaveService properties file encoding UTF-8
2026-07-08 12:35:36,464 INFO o.a.j.s.SaveService: Using SaveService properties version 5.0
2026-07-08 12:35:36,476 INFO o.a.j.s.SaveService: Loading file: C:\Users\UdayKiran\Downloads\apache-jmeter-5.6.3\apache-jmeter-5.6.3\bin\TS-BLAZE-DEMO.jmx
2026-07-08 12:35:36,713 INFO o.a.j.p.h.c.CookieManager: Settings: Delete null: true Check: true Allow variable: true Save: false Prefix: COOKIE_
2026-07-08 12:35:36,713 INFO o.a.j.p.h.c.CacheManager: Will only cache the following methods: [GET]
2026-07-08 12:35:36,713 INFO o.a.j.p.h.s.HTTPSamplerBase: Parser for text/html is org.apache.jmeter.protocol.http.parser.LagartoBasedHtmlParser
2026-07-08 12:35:36,729 INFO o.a.j.p.h.s.HTTPSamplerBase: Parser for application/xhtml+xml is org.apache.jmeter.protocol.http.parser.LagartoBasedHtmlParser
2026-07-08 12:35:36,729 INFO o.a.j.p.h.s.HTTPSamplerBase: Parser for application/xml is org.apache.jmeter.protocol.http.parser.LagartoBasedHtmlParser
2026-07-08 12:35:36,729 INFO o.a.j.p.h.s.HTTPSamplerBase: Parser for text/xml is org.apache.jmeter.protocol.http.parser.LagartoBasedHtmlParser
2026-07-08 12:35:36,729 INFO o.a.j.p.h.s.HTTPSamplerBase: Parser for text/vnd.wap.wml is org.apache.jmeter.protocol.http.parser.RegexpHTMLParser
2026-07-08 12:35:36,729 INFO o.a.j.p.h.s.HTTPSamplerBase: Parser for text/css is org.apache.jmeter.protocol.http.parser.CssParser
2026-07-08 12:35:37,284 INFO o.a.j.s.FileServer: Set new base='C:\Users\UdayKiran\Downloads\apache-jmeter-5.6.3\apache-jmeter-5.6.3\bin'
